{
  "stats": {
    "suites": 1,
    "tests": 1,
    "passes": 0,
    "pending": 0,
    "failures": 1,
    "start": "2023-01-05T10:27:16.015Z",
    "end": "2023-01-05T10:27:27.971Z",
    "duration": 11956,
    "testsRegistered": 1,
    "passPercent": 0,
    "pendingPercent": 0,
    "other": 0,
    "hasOther": false,
    "skipped": 0,
    "hasSkipped": false
  },
  "results": [
    {
      "uuid": "131d7081-c34a-4ee1-b0ab-e79dd45f8206",
      "title": "",
      "fullFile": "cypress\\integration\\examples\\data.js",
      "file": "cypress\\integration\\examples\\data.js",
      "beforeHooks": [],
      "afterHooks": [],
      "tests": [],
      "suites": [
        {
          "uuid": "551a06bc-9a60-4b5f-9cef-c476e8ad80fc",
          "title": "convert data to Json",
          "fullFile": "",
          "file": "",
          "beforeHooks": [],
          "afterHooks": [],
          "tests": [
            {
              "title": "read data from excel",
              "fullTitle": "convert data to Json read data from excel",
              "timedOut": null,
              "duration": 8267,
              "state": "failed",
              "speed": null,
              "pass": false,
              "fail": true,
              "pending": false,
              "context": null,
              "code": "cy.visit(\"https://rahulshettyacademy.com/angularpractice/\");\ncy.get(\"[class='form-control ng-pristine ng-invalid ng-touched']\").type(this.data[0]['<Name>']);",
              "err": {
                "message": "AssertionError: Timed out retrying after 4000ms: Expected to find element: `[class='form-control ng-pristine ng-invalid ng-touched']`, but never found it.",
                "estack": "AssertionError: Timed out retrying after 4000ms: Expected to find element: `[class='form-control ng-pristine ng-invalid ng-touched']`, but never found it.\n    at Context.eval (webpack:///./cypress/integration/examples/data.js:16:3)",
                "diff": null
              },
              "uuid": "dcb91625-a2d1-4d9b-88ad-c32314ecd380",
              "parentUUID": "551a06bc-9a60-4b5f-9cef-c476e8ad80fc",
              "isHook": false,
              "skipped": false
            }
          ],
          "suites": [],
          "passes": [],
          "failures": [
            "dcb91625-a2d1-4d9b-88ad-c32314ecd380"
          ],
          "pending": [],
          "skipped": [],
          "duration": 8267,
          "root": false,
          "rootEmpty": false,
          "_timeout": 2000
        }
      ],
      "passes": [],
      "failures": [],
      "pending": [],
      "skipped": [],
      "duration": 0,
      "root": true,
      "rootEmpty": true,
      "_timeout": 2000
    }
  ],
  "meta": {
    "mocha": {
      "version": "7.0.1"
    },
    "mochawesome": {
      "options": {
        "quiet": false,
        "reportFilename": "mochawesome",
        "saveHtml": true,
        "saveJson": true,
        "consoleReporter": "spec",
        "useInlineDiffs": false,
        "code": true
      },
      "version": "7.1.3"
    },
    "marge": {
      "options": null,
      "version": "6.2.0"
    }
  }
}